<?xml version="1.0" encoding="UTF-8"?>
<testsuite name="com.api.characters.SaCharactersApiApplicationTests" tests="1" skipped="0" failures="0" errors="0" timestamp="2024-04-04T12:32:34" hostname="DESKTOP-H0LPLBB" time="1.202">
  <properties/>
  <testcase name="contextLoads()" classname="com.api.characters.SaCharactersApiApplicationTests" time="1.202"/>
  <system-out><![CDATA[09:32:26.621 [Test worker] INFO org.springframework.test.context.support.AnnotationConfigContextLoaderUtils -- Could not detect default configuration classes for test class [com.api.characters.SaCharactersApiApplicationTests]: SaCharactersApiApplicationTests does not declare any static, non-private, non-final, nested classes annotated with @Configuration.
09:32:26.813 [Test worker] INFO org.springframework.boot.test.context.SpringBootTestContextBootstrapper -- Found @SpringBootConfiguration com.api.characters.SaCharactersApiApplication for test class com.api.characters.SaCharactersApiApplicationTests

  .   ____          _            __ _ _
 /\\ / ___'_ __ _ _(_)_ __  __ _ \ \ \ \
( ( )\___ | '_ | '_| | '_ \/ _` | \ \ \ \
 \\/  ___)| |_)| | | | | || (_| |  ) ) ) )
  '  |____| .__|_| |_|_| |_\__, | / / / /
 =========|_|==============|___/=/_/_/_/
 :: Spring Boot ::                (v3.2.4)

2024-04-04T09:32:27.629-03:00  INFO 2204 --- [    Test worker] c.a.c.SaCharactersApiApplicationTests    : Starting SaCharactersApiApplicationTests using Java 21.0.1 with PID 2204 (started by Cristiano in C:\Users\Cristiano\Documents\SA API\sa-characters-api)
2024-04-04T09:32:27.631-03:00  INFO 2204 --- [    Test worker] c.a.c.SaCharactersApiApplicationTests    : No active profile set, falling back to 1 default profile: "default"
2024-04-04T09:32:28.789-03:00  INFO 2204 --- [    Test worker] .s.d.r.c.RepositoryConfigurationDelegate : Bootstrapping Spring Data JPA repositories in DEFAULT mode.
2024-04-04T09:32:28.891-03:00  INFO 2204 --- [    Test worker] .s.d.r.c.RepositoryConfigurationDelegate : Finished Spring Data repository scanning in 88 ms. Found 1 JPA repository interface.
2024-04-04T09:32:29.649-03:00  INFO 2204 --- [    Test worker] com.zaxxer.hikari.HikariDataSource       : HikariPool-1 - Starting...
2024-04-04T09:32:29.992-03:00  INFO 2204 --- [    Test worker] com.zaxxer.hikari.pool.HikariPool        : HikariPool-1 - Added connection org.postgresql.jdbc.PgConnection@14de1901
2024-04-04T09:32:29.995-03:00  INFO 2204 --- [    Test worker] com.zaxxer.hikari.HikariDataSource       : HikariPool-1 - Start completed.
2024-04-04T09:32:30.141-03:00  INFO 2204 --- [    Test worker] o.f.c.internal.license.VersionPrinter    : Flyway Community Edition 9.22.3 by Redgate
2024-04-04T09:32:30.141-03:00  INFO 2204 --- [    Test worker] o.f.c.internal.license.VersionPrinter    : See release notes here: https://rd.gt/416ObMi
2024-04-04T09:32:30.141-03:00  INFO 2204 --- [    Test worker] o.f.c.internal.license.VersionPrinter    : 
2024-04-04T09:32:30.165-03:00  INFO 2204 --- [    Test worker] org.flywaydb.core.FlywayExecutor         : Database: jdbc:postgresql://localhost:5432/sa_characters_db (PostgreSQL 16.2)
2024-04-04T09:32:30.174-03:00  WARN 2204 --- [    Test worker] o.f.c.internal.database.base.Database    : Flyway upgrade recommended: PostgreSQL 16.2 is newer than this version of Flyway and support has not been tested. The latest supported version of PostgreSQL is 15.
2024-04-04T09:32:30.234-03:00  INFO 2204 --- [    Test worker] o.f.core.internal.command.DbValidate     : Successfully validated 1 migration (execution time 00:00.044s)
2024-04-04T09:32:30.248-03:00  INFO 2204 --- [    Test worker] o.f.core.internal.command.DbMigrate      : Current version of schema "public": 1
2024-04-04T09:32:30.251-03:00  INFO 2204 --- [    Test worker] o.f.core.internal.command.DbMigrate      : Schema "public" is up to date. No migration necessary.
2024-04-04T09:32:30.401-03:00  INFO 2204 --- [    Test worker] o.hibernate.jpa.internal.util.LogHelper  : HHH000204: Processing PersistenceUnitInfo [name: default]
2024-04-04T09:32:30.549-03:00  INFO 2204 --- [    Test worker] org.hibernate.Version                    : HHH000412: Hibernate ORM core version 6.4.4.Final
2024-04-04T09:32:30.619-03:00  INFO 2204 --- [    Test worker] o.h.c.internal.RegionFactoryInitiator    : HHH000026: Second-level cache disabled
2024-04-04T09:32:31.055-03:00  INFO 2204 --- [    Test worker] o.s.o.j.p.SpringPersistenceUnitInfo      : No LoadTimeWeaver setup: ignoring JPA class transformer
2024-04-04T09:32:32.588-03:00  INFO 2204 --- [    Test worker] o.h.e.t.j.p.i.JtaPlatformInitiator       : HHH000489: No JTA platform available (set 'hibernate.transaction.jta.platform' to enable JTA platform integration)
2024-04-04T09:32:32.669-03:00  INFO 2204 --- [    Test worker] j.LocalContainerEntityManagerFactoryBean : Initialized JPA EntityManagerFactory for persistence unit 'default'
2024-04-04T09:32:33.685-03:00  INFO 2204 --- [    Test worker] o.s.d.j.r.query.QueryEnhancerFactory     : Hibernate is in classpath; If applicable, HQL parser will be used.
2024-04-04T09:32:34.015-03:00  WARN 2204 --- [    Test worker] JpaBaseConfiguration$JpaWebConfiguration : spring.jpa.open-in-view is enabled by default. Therefore, database queries may be performed during view rendering. Explicitly configure spring.jpa.open-in-view to disable this warning
2024-04-04T09:32:34.054-03:00  INFO 2204 --- [    Test worker] o.s.b.a.w.s.WelcomePageHandlerMapping    : Adding welcome page: class path resource [static/index.html]
2024-04-04T09:32:34.744-03:00  INFO 2204 --- [    Test worker] c.a.c.SaCharactersApiApplicationTests    : Started SaCharactersApiApplicationTests in 7.631 seconds (process running for 10.176)
]]></system-out>
  <system-err><![CDATA[WARNING: A Java agent has been loaded dynamically (C:\Users\Cristiano\.gradle\caches\modules-2\files-2.1\net.bytebuddy\byte-buddy-agent\1.14.12\be4984cb6fd1ef1d11f218a648889dfda44b8a15\byte-buddy-agent-1.14.12.jar)
WARNING: If a serviceability tool is in use, please run with -XX:+EnableDynamicAgentLoading to hide this warning
WARNING: If a serviceability tool is not in use, please run with -Djdk.instrument.traceUsage for more information
WARNING: Dynamic loading of agents will be disallowed by default in a future release
]]></system-err>
</testsuite>
